# JRE version: OpenJDK Runtime Environment (8.0_292-b10) (build 1.8.0_292-b10)
# Java VM: OpenJDK 64-Bit Server VM (25.292-b10 mixed mode windows-amd64 compressed oops)
Heap:
 PSYoungGen      total 146432K, used 10037K [0x00000000f5580000, 0x0000000100000000, 0x0000000100000000)
  eden space 133632K, 7% used [0x00000000f5580000,0x00000000f5f4d4d8,0x00000000fd800000)
  from space 12800K, 0% used [0x00000000ff380000,0x00000000ff380000,0x0000000100000000)
  to   space 20480K, 0% used [0x00000000fd800000,0x00000000fd800000,0x00000000fec00000)
 ParOldGen       total 214528K, used 36132K [0x00000000e0000000, 0x00000000ed180000, 0x00000000f5580000)
  object space 214528K, 16% used [0x00000000e0000000,0x00000000e2349390,0x00000000ed180000)
 Metaspace       used 56804K, capacity 59382K, committed 59520K, reserved 1099776K
  class space    used 7947K, capacity 8543K, committed 8576K, reserved 1048576K
GC Heap History (10 events):
Event: 16.961 GC heap before
{Heap before GC invocations=9 (full 2):
 PSYoungGen      total 114688K, used 9708K [0x00000000f5580000, 0x0000000100000000, 0x0000000100000000)
  eden space 102400K, 0% used [0x00000000f5580000,0x00000000f5580000,0x00000000fb980000)
  from space 12288K, 79% used [0x00000000fb980000,0x00000000fc2fb3c8,0x00000000fc580000)
  to   space 12288K, 0% used [0x00000000ff400000,0x00000000ff400000,0x0000000100000000)
 ParOldGen       total 175104K, used 8192K [0x00000000e0000000, 0x00000000eab00000, 0x00000000f5580000)
  object space 175104K, 4% used [0x00000000e0000000,0x00000000e0800068,0x00000000eab00000)
 Metaspace       used 34316K, capacity 35458K, committed 35496K, reserved 1079296K
  class space    used 4792K, capacity 5107K, committed 5120K, reserved 1048576K
Event: 17.171 GC heap after
Heap after GC invocations=9 (full 2):
 PSYoungGen      total 114688K, used 0K [0x00000000f5580000, 0x0000000100000000, 0x0000000100000000)
  eden space 102400K, 0% used [0x00000000f5580000,0x00000000f5580000,0x00000000fb980000)
  from space 12288K, 0% used [0x00000000fb980000,0x00000000fb980000,0x00000000fc580000)
  to   space 12288K, 0% used [0x00000000ff400000,0x00000000ff400000,0x0000000100000000)
 ParOldGen       total 175104K, used 16497K [0x00000000e0000000, 0x00000000eab00000, 0x00000000f5580000)
  object space 175104K, 9% used [0x00000000e0000000,0x00000000e101c630,0x00000000eab00000)
 Metaspace       used 34316K, capacity 35458K, committed 35496K, reserved 1079296K
  class space    used 4792K, capacity 5107K, committed 5120K, reserved 1048576K
}
Event: 19.438 GC heap before
{Heap before GC invocations=10 (full 2):
 PSYoungGen      total 114688K, used 102400K [0x00000000f5580000, 0x0000000100000000, 0x0000000100000000)
  eden space 102400K, 100% used [0x00000000f5580000,0x00000000fb980000,0x00000000fb980000)
  from space 12288K, 0% used [0x00000000fb980000,0x00000000fb980000,0x00000000fc580000)
  to   space 12288K, 0% used [0x00000000ff400000,0x00000000ff400000,0x0000000100000000)
 ParOldGen       total 175104K, used 16497K [0x00000000e0000000, 0x00000000eab00000, 0x00000000f5580000)
  object space 175104K, 9% used [0x00000000e0000000,0x00000000e101c630,0x00000000eab00000)
 Metaspace       used 37679K, capacity 39246K, committed 39552K, reserved 1083392K
  class space    used 5270K, capacity 5633K, committed 5760K, reserved 1048576K
Event: 19.489 GC heap after
Heap after GC invocations=10 (full 2):
 PSYoungGen      total 161280K, used 5298K [0x00000000f5580000, 0x0000000100000000, 0x0000000100000000)
  eden space 148992K, 0% used [0x00000000f5580000,0x00000000f5580000,0x00000000fe700000)
  from space 12288K, 43% used [0x00000000ff400000,0x00000000ff92cb80,0x0000000100000000)
  to   space 12800K, 0% used [0x00000000fe700000,0x00000000fe700000,0x00000000ff380000)
 ParOldGen       total 175104K, used 16505K [0x00000000e0000000, 0x00000000eab00000, 0x00000000f5580000)
  object space 175104K, 9% used [0x00000000e0000000,0x00000000e101e630,0x00000000eab00000)
 Metaspace       used 37679K, capacity 39246K, committed 39552K, reserved 1083392K
  class space    used 5270K, capacity 5633K, committed 5760K, reserved 1048576K
}
Event: 29.835 GC heap before
{Heap before GC invocations=11 (full 2):
 PSYoungGen      total 161280K, used 154290K [0x00000000f5580000, 0x0000000100000000, 0x0000000100000000)
  eden space 148992K, 100% used [0x00000000f5580000,0x00000000fe700000,0x00000000fe700000)
  from space 12288K, 43% used [0x00000000ff400000,0x00000000ff92cb80,0x0000000100000000)
  to   space 12800K, 0% used [0x00000000fe700000,0x00000000fe700000,0x00000000ff380000)
 ParOldGen       total 175104K, used 16505K [0x00000000e0000000, 0x00000000eab00000, 0x00000000f5580000)
  object space 175104K, 9% used [0x00000000e0000000,0x00000000e101e630,0x00000000eab00000)
 Metaspace       used 51427K, capacity 53548K, committed 53632K, reserved 1095680K
  class space    used 7034K, capacity 7531K, committed 7552K, reserved 1048576K
Event: 29.873 GC heap after
Heap after GC invocations=11 (full 2):
 PSYoungGen      total 161792K, used 12781K [0x00000000f5580000, 0x0000000100000000, 0x0000000100000000)
  eden space 148992K, 0% used [0x00000000f5580000,0x00000000f5580000,0x00000000fe700000)
  from space 12800K, 99% used [0x00000000fe700000,0x00000000ff37b558,0x00000000ff380000)
  to   space 12800K, 0% used [0x00000000ff380000,0x00000000ff380000,0x0000000100000000)
 ParOldGen       total 175104K, used 24116K [0x00000000e0000000, 0x00000000eab00000, 0x00000000f5580000)
  object space 175104K, 13% used [0x00000000e0000000,0x00000000e178d3e0,0x00000000eab00000)
 Metaspace       used 51427K, capacity 53548K, committed 53632K, reserved 1095680K
  class space    used 7034K, capacity 7531K, committed 7552K, reserved 1048576K
}
Event: 40.853 GC heap before
{Heap before GC invocations=12 (full 2):
 PSYoungGen      total 161792K, used 105370K [0x00000000f5580000, 0x0000000100000000, 0x0000000100000000)
  eden space 148992K, 62% used [0x00000000f5580000,0x00000000fafeb678,0x00000000fe700000)
  from space 12800K, 99% used [0x00000000fe700000,0x00000000ff37b558,0x00000000ff380000)
  to   space 12800K, 0% used [0x00000000ff380000,0x00000000ff380000,0x0000000100000000)
 ParOldGen       total 175104K, used 24116K [0x00000000e0000000, 0x00000000eab00000, 0x00000000f5580000)
  object space 175104K, 13% used [0x00000000e0000000,0x00000000e178d3e0,0x00000000eab00000)
 Metaspace       used 56440K, capacity 58964K, committed 59136K, reserved 1099776K
  class space    used 7863K, capacity 8434K, committed 8448K, reserved 1048576K
Event: 40.888 GC heap after
Heap after GC invocations=12 (full 2):
 PSYoungGen      total 146432K, used 12771K [0x00000000f5580000, 0x0000000100000000, 0x0000000100000000)
  eden space 133632K, 0% used [0x00000000f5580000,0x00000000f5580000,0x00000000fd800000)
  from space 12800K, 99% used [0x00000000ff380000,0x00000000ffff8f68,0x0000000100000000)
  to   space 20480K, 0% used [0x00000000fd800000,0x00000000fd800000,0x00000000fec00000)
 ParOldGen       total 175104K, used 32498K [0x00000000e0000000, 0x00000000eab00000, 0x00000000f5580000)
  object space 175104K, 18% used [0x00000000e0000000,0x00000000e1fbcbd0,0x00000000eab00000)
 Metaspace       used 56440K, capacity 58964K, committed 59136K, reserved 1099776K
  class space    used 7863K, capacity 8434K, committed 8448K, reserved 1048576K
}
Event: 40.888 GC heap before
{Heap before GC invocations=13 (full 3):
 PSYoungGen      total 146432K, used 12771K [0x00000000f5580000, 0x0000000100000000, 0x0000000100000000)
  eden space 133632K, 0% used [0x00000000f5580000,0x00000000f5580000,0x00000000fd800000)
  from space 12800K, 99% used [0x00000000ff380000,0x00000000ffff8f68,0x0000000100000000)
  to   space 20480K, 0% used [0x00000000fd800000,0x00000000fd800000,0x00000000fec00000)
 ParOldGen       total 175104K, used 32498K [0x00000000e0000000, 0x00000000eab00000, 0x00000000f5580000)
  object space 175104K, 18% used [0x00000000e0000000,0x00000000e1fbcbd0,0x00000000eab00000)
 Metaspace       used 56440K, capacity 58964K, committed 59136K, reserved 1099776K
  class space    used 7863K, capacity 8434K, committed 8448K, reserved 1048576K
Event: 41.482 GC heap after
Heap after GC invocations=13 (full 3):
 PSYoungGen      total 146432K, used 0K [0x00000000f5580000, 0x0000000100000000, 0x0000000100000000)
  eden space 133632K, 0% used [0x00000000f5580000,0x00000000f5580000,0x00000000fd800000)
  from space 12800K, 0% used [0x00000000ff380000,0x00000000ff380000,0x0000000100000000)
  to   space 20480K, 0% used [0x00000000fd800000,0x00000000fd800000,0x00000000fec00000)
 ParOldGen       total 214528K, used 36132K [0x00000000e0000000, 0x00000000ed180000, 0x00000000f5580000)
  object space 214528K, 16% used [0x00000000e0000000,0x00000000e2349390,0x00000000ed180000)
 Metaspace       used 56440K, capacity 58964K, committed 59136K, reserved 1099776K
  class space    used 7863K, capacity 8434K, committed 8448K, reserved 1048576K
}

