# JRE version: OpenJDK Runtime Environment (8.0_292-b10) (build 1.8.0_292-b10)
# Java VM: OpenJDK 64-Bit Server VM (25.292-b10 mixed mode windows-amd64 compressed oops)
Heap:
 PSYoungGen      total 109056K, used 19051K [0x00000000f5580000, 0x00000000fce80000, 0x0000000100000000)
  eden space 96768K, 6% used [0x00000000f5580000,0x00000000f5c1d4b8,0x00000000fb400000)
  from space 12288K, 99% used [0x00000000fb400000,0x00000000fbffd7f0,0x00000000fc000000)
  to   space 12288K, 0% used [0x00000000fc000000,0x00000000fc000000,0x00000000fcc00000)
 ParOldGen       total 211456K, used 17344K [0x00000000e0000000, 0x00000000ece80000, 0x00000000f5580000)
  object space 211456K, 8% used [0x00000000e0000000,0x00000000e10f02e8,0x00000000ece80000)
 Metaspace       used 46222K, capacity 48120K, committed 48384K, reserved 1091584K
  class space    used 6395K, capacity 6862K, committed 6912K, reserved 1048576K
GC Heap History (10 events):
Event: 28.195 GC heap before
{Heap before GC invocations=7 (full 1):
 PSYoungGen      total 76288K, used 73836K [0x00000000f5580000, 0x00000000fb800000, 0x0000000100000000)
  eden space 65536K, 100% used [0x00000000f5580000,0x00000000f9580000,0x00000000f9580000)
  from space 10752K, 77% used [0x00000000f9580000,0x00000000f9d9b378,0x00000000fa000000)
  to   space 11776K, 0% used [0x00000000fac80000,0x00000000fac80000,0x00000000fb800000)
 ParOldGen       total 175104K, used 8207K [0x00000000e0000000, 0x00000000eab00000, 0x00000000f5580000)
  object space 175104K, 4% used [0x00000000e0000000,0x00000000e0803c70,0x00000000eab00000)
 Metaspace       used 32731K, capacity 33746K, committed 33920K, reserved 1079296K
  class space    used 4636K, capacity 4924K, committed 4992K, reserved 1048576K
Event: 28.210 GC heap after
Heap after GC invocations=7 (full 1):
 PSYoungGen      total 88064K, used 10072K [0x00000000f5580000, 0x00000000fb800000, 0x0000000100000000)
  eden space 76288K, 0% used [0x00000000f5580000,0x00000000f5580000,0x00000000fa000000)
  from space 11776K, 85% used [0x00000000fac80000,0x00000000fb656128,0x00000000fb800000)
  to   space 12288K, 0% used [0x00000000fa000000,0x00000000fa000000,0x00000000fac00000)
 ParOldGen       total 175104K, used 8215K [0x00000000e0000000, 0x00000000eab00000, 0x00000000f5580000)
  object space 175104K, 4% used [0x00000000e0000000,0x00000000e0805c70,0x00000000eab00000)
 Metaspace       used 32731K, capacity 33746K, committed 33920K, reserved 1079296K
  class space    used 4636K, capacity 4924K, committed 4992K, reserved 1048576K
}
Event: 29.140 GC heap before
{Heap before GC invocations=8 (full 1):
 PSYoungGen      total 88064K, used 43153K [0x00000000f5580000, 0x00000000fb800000, 0x0000000100000000)
  eden space 76288K, 43% used [0x00000000f5580000,0x00000000f75ce320,0x00000000fa000000)
  from space 11776K, 85% used [0x00000000fac80000,0x00000000fb656128,0x00000000fb800000)
  to   space 12288K, 0% used [0x00000000fa000000,0x00000000fa000000,0x00000000fac00000)
 ParOldGen       total 175104K, used 8215K [0x00000000e0000000, 0x00000000eab00000, 0x00000000f5580000)
  object space 175104K, 4% used [0x00000000e0000000,0x00000000e0805c70,0x00000000eab00000)
 Metaspace       used 34285K, capacity 35466K, committed 35496K, reserved 1079296K
  class space    used 4791K, capacity 5107K, committed 5120K, reserved 1048576K
Event: 29.156 GC heap after
Heap after GC invocations=8 (full 1):
 PSYoungGen      total 88576K, used 9648K [0x00000000f5580000, 0x00000000fcc00000, 0x0000000100000000)
  eden space 76288K, 0% used [0x00000000f5580000,0x00000000f5580000,0x00000000fa000000)
  from space 12288K, 78% used [0x00000000fa000000,0x00000000fa96c2d0,0x00000000fac00000)
  to   space 12288K, 0% used [0x00000000fc000000,0x00000000fc000000,0x00000000fcc00000)
 ParOldGen       total 175104K, used 8223K [0x00000000e0000000, 0x00000000eab00000, 0x00000000f5580000)
  object space 175104K, 4% used [0x00000000e0000000,0x00000000e0807c70,0x00000000eab00000)
 Metaspace       used 34285K, capacity 35466K, committed 35496K, reserved 1079296K
  class space    used 4791K, capacity 5107K, committed 5120K, reserved 1048576K
}
Event: 29.157 GC heap before
{Heap before GC invocations=9 (full 2):
 PSYoungGen      total 88576K, used 9648K [0x00000000f5580000, 0x00000000fcc00000, 0x0000000100000000)
  eden space 76288K, 0% used [0x00000000f5580000,0x00000000f5580000,0x00000000fa000000)
  from space 12288K, 78% used [0x00000000fa000000,0x00000000fa96c2d0,0x00000000fac00000)
  to   space 12288K, 0% used [0x00000000fc000000,0x00000000fc000000,0x00000000fcc00000)
 ParOldGen       total 175104K, used 8223K [0x00000000e0000000, 0x00000000eab00000, 0x00000000f5580000)
  object space 175104K, 4% used [0x00000000e0000000,0x00000000e0807c70,0x00000000eab00000)
 Metaspace       used 34285K, capacity 35466K, committed 35496K, reserved 1079296K
  class space    used 4791K, capacity 5107K, committed 5120K, reserved 1048576K
Event: 29.265 GC heap after
Heap after GC invocations=9 (full 2):
 PSYoungGen      total 88576K, used 0K [0x00000000f5580000, 0x00000000fcc00000, 0x0000000100000000)
  eden space 76288K, 0% used [0x00000000f5580000,0x00000000f5580000,0x00000000fa000000)
  from space 12288K, 0% used [0x00000000fa000000,0x00000000fa000000,0x00000000fac00000)
  to   space 12288K, 0% used [0x00000000fc000000,0x00000000fc000000,0x00000000fcc00000)
 ParOldGen       total 211456K, used 16451K [0x00000000e0000000, 0x00000000ece80000, 0x00000000f5580000)
  object space 211456K, 7% used [0x00000000e0000000,0x00000000e1010f20,0x00000000ece80000)
 Metaspace       used 34285K, capacity 35466K, committed 35496K, reserved 1079296K
  class space    used 4791K, capacity 5107K, committed 5120K, reserved 1048576K
}
Event: 33.274 GC heap before
{Heap before GC invocations=10 (full 2):
 PSYoungGen      total 88576K, used 76288K [0x00000000f5580000, 0x00000000fcc00000, 0x0000000100000000)
  eden space 76288K, 100% used [0x00000000f5580000,0x00000000fa000000,0x00000000fa000000)
  from space 12288K, 0% used [0x00000000fa000000,0x00000000fa000000,0x00000000fac00000)
  to   space 12288K, 0% used [0x00000000fc000000,0x00000000fc000000,0x00000000fcc00000)
 ParOldGen       total 211456K, used 16451K [0x00000000e0000000, 0x00000000ece80000, 0x00000000f5580000)
  object space 211456K, 7% used [0x00000000e0000000,0x00000000e1010f20,0x00000000ece80000)
 Metaspace       used 37559K, capacity 39144K, committed 39296K, reserved 1083392K
  class space    used 5269K, capacity 5636K, committed 5760K, reserved 1048576K
Event: 33.283 GC heap after
Heap after GC invocations=10 (full 2):
 PSYoungGen      total 109056K, used 5063K [0x00000000f5580000, 0x00000000fce80000, 0x0000000100000000)
  eden space 96768K, 0% used [0x00000000f5580000,0x00000000f5580000,0x00000000fb400000)
  from space 12288K, 41% used [0x00000000fc000000,0x00000000fc4f1f30,0x00000000fcc00000)
  to   space 12288K, 0% used [0x00000000fb400000,0x00000000fb400000,0x00000000fc000000)
 ParOldGen       total 211456K, used 16459K [0x00000000e0000000, 0x00000000ece80000, 0x00000000f5580000)
  object space 211456K, 7% used [0x00000000e0000000,0x00000000e1012f20,0x00000000ece80000)
 Metaspace       used 37559K, capacity 39144K, committed 39296K, reserved 1083392K
  class space    used 5269K, capacity 5636K, committed 5760K, reserved 1048576K
}
Event: 43.762 GC heap before
{Heap before GC invocations=11 (full 2):
 PSYoungGen      total 109056K, used 101831K [0x00000000f5580000, 0x00000000fce80000, 0x0000000100000000)
  eden space 96768K, 100% used [0x00000000f5580000,0x00000000fb400000,0x00000000fb400000)
  from space 12288K, 41% used [0x00000000fc000000,0x00000000fc4f1f30,0x00000000fcc00000)
  to   space 12288K, 0% used [0x00000000fb400000,0x00000000fb400000,0x00000000fc000000)
 ParOldGen       total 211456K, used 16459K [0x00000000e0000000, 0x00000000ece80000, 0x00000000f5580000)
  object space 211456K, 7% used [0x00000000e0000000,0x00000000e1012f20,0x00000000ece80000)
 Metaspace       used 46051K, capacity 47954K, committed 48128K, reserved 1091584K
  class space    used 6373K, capacity 6829K, committed 6912K, reserved 1048576K
Event: 43.782 GC heap after
Heap after GC invocations=11 (full 2):
 PSYoungGen      total 109056K, used 12277K [0x00000000f5580000, 0x00000000fce80000, 0x0000000100000000)
  eden space 96768K, 0% used [0x00000000f5580000,0x00000000f5580000,0x00000000fb400000)
  from space 12288K, 99% used [0x00000000fb400000,0x00000000fbffd7f0,0x00000000fc000000)
  to   space 12288K, 0% used [0x00000000fc000000,0x00000000fc000000,0x00000000fcc00000)
 ParOldGen       total 211456K, used 17344K [0x00000000e0000000, 0x00000000ece80000, 0x00000000f5580000)
  object space 211456K, 8% used [0x00000000e0000000,0x00000000e10f02e8,0x00000000ece80000)
 Metaspace       used 46051K, capacity 47954K, committed 48128K, reserved 1091584K
  class space    used 6373K, capacity 6829K, committed 6912K, reserved 1048576K
}

