# JRE version: OpenJDK Runtime Environment (8.0_292-b10) (build 1.8.0_292-b10)
# Java VM: OpenJDK 64-Bit Server VM (25.292-b10 mixed mode windows-amd64 compressed oops)
Heap:
 PSYoungGen      total 72704K, used 35596K [0x00000000f5580000, 0x00000000fab00000, 0x0000000100000000)
  eden space 64000K, 42% used [0x00000000f5580000,0x00000000f701baa0,0x00000000f9400000)
  from space 8704K, 95% used [0x00000000f9580000,0x00000000f9da7870,0x00000000f9e00000)
  to   space 11776K, 0% used [0x00000000f9f80000,0x00000000f9f80000,0x00000000fab00000)
 ParOldGen       total 175104K, used 8269K [0x00000000e0000000, 0x00000000eab00000, 0x00000000f5580000)
  object space 175104K, 4% used [0x00000000e0000000,0x00000000e0813660,0x00000000eab00000)
 Metaspace       used 30423K, capacity 31376K, committed 31616K, reserved 1077248K
  class space    used 4254K, capacity 4467K, committed 4480K, reserved 1048576K
GC Heap History (10 events):
Event: 30.256 GC heap before
{Heap before GC invocations=2 (full 0):
 PSYoungGen      total 76288K, used 71337K [0x00000000f5580000, 0x00000000faa80000, 0x0000000100000000)
  eden space 65536K, 100% used [0x00000000f5580000,0x00000000f9580000,0x00000000f9580000)
  from space 10752K, 53% used [0x00000000f9580000,0x00000000f9b2a778,0x00000000fa000000)
  to   space 10752K, 0% used [0x00000000fa000000,0x00000000fa000000,0x00000000faa80000)
 ParOldGen       total 175104K, used 16K [0x00000000e0000000, 0x00000000eab00000, 0x00000000f5580000)
  object space 175104K, 0% used [0x00000000e0000000,0x00000000e0004000,0x00000000eab00000)
 Metaspace       used 14025K, capacity 14486K, committed 14720K, reserved 1062912K
  class space    used 1969K, capacity 2099K, committed 2176K, reserved 1048576K
Event: 30.274 GC heap after
Heap after GC invocations=2 (full 0):
 PSYoungGen      total 76288K, used 9233K [0x00000000f5580000, 0x00000000faa80000, 0x0000000100000000)
  eden space 65536K, 0% used [0x00000000f5580000,0x00000000f5580000,0x00000000f9580000)
  from space 10752K, 85% used [0x00000000fa000000,0x00000000fa904638,0x00000000faa80000)
  to   space 10752K, 0% used [0x00000000f9580000,0x00000000f9580000,0x00000000fa000000)
 ParOldGen       total 175104K, used 24K [0x00000000e0000000, 0x00000000eab00000, 0x00000000f5580000)
  object space 175104K, 0% used [0x00000000e0000000,0x00000000e0006000,0x00000000eab00000)
 Metaspace       used 14025K, capacity 14486K, committed 14720K, reserved 1062912K
  class space    used 1969K, capacity 2099K, committed 2176K, reserved 1048576K
}
Event: 38.722 GC heap before
{Heap before GC invocations=3 (full 0):
 PSYoungGen      total 76288K, used 74769K [0x00000000f5580000, 0x00000000faa80000, 0x0000000100000000)
  eden space 65536K, 100% used [0x00000000f5580000,0x00000000f9580000,0x00000000f9580000)
  from space 10752K, 85% used [0x00000000fa000000,0x00000000fa904638,0x00000000faa80000)
  to   space 10752K, 0% used [0x00000000f9580000,0x00000000f9580000,0x00000000fa000000)
 ParOldGen       total 175104K, used 24K [0x00000000e0000000, 0x00000000eab00000, 0x00000000f5580000)
  object space 175104K, 0% used [0x00000000e0000000,0x00000000e0006000,0x00000000eab00000)
 Metaspace       used 19125K, capacity 19738K, committed 19968K, reserved 1067008K
  class space    used 2771K, capacity 2963K, committed 3072K, reserved 1048576K
Event: 38.742 GC heap after
Heap after GC invocations=3 (full 0):
 PSYoungGen      total 76288K, used 10740K [0x00000000f5580000, 0x00000000faa80000, 0x0000000100000000)
  eden space 65536K, 0% used [0x00000000f5580000,0x00000000f5580000,0x00000000f9580000)
  from space 10752K, 99% used [0x00000000f9580000,0x00000000f9ffd378,0x00000000fa000000)
  to   space 10752K, 0% used [0x00000000fa000000,0x00000000fa000000,0x00000000faa80000)
 ParOldGen       total 175104K, used 586K [0x00000000e0000000, 0x00000000eab00000, 0x00000000f5580000)
  object space 175104K, 0% used [0x00000000e0000000,0x00000000e00929d0,0x00000000eab00000)
 Metaspace       used 19125K, capacity 19738K, committed 19968K, reserved 1067008K
  class space    used 2771K, capacity 2963K, committed 3072K, reserved 1048576K
}
Event: 40.658 GC heap before
{Heap before GC invocations=4 (full 0):
 PSYoungGen      total 76288K, used 33591K [0x00000000f5580000, 0x00000000faa80000, 0x0000000100000000)
  eden space 65536K, 34% used [0x00000000f5580000,0x00000000f6bd0b50,0x00000000f9580000)
  from space 10752K, 99% used [0x00000000f9580000,0x00000000f9ffd378,0x00000000fa000000)
  to   space 10752K, 0% used [0x00000000fa000000,0x00000000fa000000,0x00000000faa80000)
 ParOldGen       total 175104K, used 586K [0x00000000e0000000, 0x00000000eab00000, 0x00000000f5580000)
  object space 175104K, 0% used [0x00000000e0000000,0x00000000e00929d0,0x00000000eab00000)
 Metaspace       used 20547K, capacity 21150K, committed 21296K, reserved 1067008K
  class space    used 3008K, capacity 3171K, committed 3200K, reserved 1048576K
Event: 40.668 GC heap after
Heap after GC invocations=4 (full 0):
 PSYoungGen      total 76288K, used 8416K [0x00000000f5580000, 0x00000000faa80000, 0x0000000100000000)
  eden space 65536K, 0% used [0x00000000f5580000,0x00000000f5580000,0x00000000f9580000)
  from space 10752K, 78% used [0x00000000fa000000,0x00000000fa838190,0x00000000faa80000)
  to   space 10752K, 0% used [0x00000000f9580000,0x00000000f9580000,0x00000000fa000000)
 ParOldGen       total 175104K, used 594K [0x00000000e0000000, 0x00000000eab00000, 0x00000000f5580000)
  object space 175104K, 0% used [0x00000000e0000000,0x00000000e00949d0,0x00000000eab00000)
 Metaspace       used 20547K, capacity 21150K, committed 21296K, reserved 1067008K
  class space    used 3008K, capacity 3171K, committed 3200K, reserved 1048576K
}
Event: 40.668 GC heap before
{Heap before GC invocations=5 (full 1):
 PSYoungGen      total 76288K, used 8416K [0x00000000f5580000, 0x00000000faa80000, 0x0000000100000000)
  eden space 65536K, 0% used [0x00000000f5580000,0x00000000f5580000,0x00000000f9580000)
  from space 10752K, 78% used [0x00000000fa000000,0x00000000fa838190,0x00000000faa80000)
  to   space 10752K, 0% used [0x00000000f9580000,0x00000000f9580000,0x00000000fa000000)
 ParOldGen       total 175104K, used 594K [0x00000000e0000000, 0x00000000eab00000, 0x00000000f5580000)
  object space 175104K, 0% used [0x00000000e0000000,0x00000000e00949d0,0x00000000eab00000)
 Metaspace       used 20547K, capacity 21150K, committed 21296K, reserved 1067008K
  class space    used 3008K, capacity 3171K, committed 3200K, reserved 1048576K
Event: 40.869 GC heap after
Heap after GC invocations=5 (full 1):
 PSYoungGen      total 76288K, used 0K [0x00000000f5580000, 0x00000000faa80000, 0x0000000100000000)
  eden space 65536K, 0% used [0x00000000f5580000,0x00000000f5580000,0x00000000f9580000)
  from space 10752K, 0% used [0x00000000fa000000,0x00000000fa000000,0x00000000faa80000)
  to   space 10752K, 0% used [0x00000000f9580000,0x00000000f9580000,0x00000000fa000000)
 ParOldGen       total 175104K, used 8261K [0x00000000e0000000, 0x00000000eab00000, 0x00000000f5580000)
  object space 175104K, 4% used [0x00000000e0000000,0x00000000e0811660,0x00000000eab00000)
 Metaspace       used 20547K, capacity 21150K, committed 21296K, reserved 1067008K
  class space    used 3008K, capacity 3171K, committed 3200K, reserved 1048576K
}
Event: 46.377 GC heap before
{Heap before GC invocations=6 (full 1):
 PSYoungGen      total 76288K, used 65536K [0x00000000f5580000, 0x00000000faa80000, 0x0000000100000000)
  eden space 65536K, 100% used [0x00000000f5580000,0x00000000f9580000,0x00000000f9580000)
  from space 10752K, 0% used [0x00000000fa000000,0x00000000fa000000,0x00000000faa80000)
  to   space 10752K, 0% used [0x00000000f9580000,0x00000000f9580000,0x00000000fa000000)
 ParOldGen       total 175104K, used 8261K [0x00000000e0000000, 0x00000000eab00000, 0x00000000f5580000)
  object space 175104K, 4% used [0x00000000e0000000,0x00000000e0811660,0x00000000eab00000)
 Metaspace       used 28561K, capacity 29450K, committed 29696K, reserved 1075200K
  class space    used 4109K, capacity 4348K, committed 4352K, reserved 1048576K
Event: 46.386 GC heap after
Heap after GC invocations=6 (full 1):
 PSYoungGen      total 72704K, used 8350K [0x00000000f5580000, 0x00000000fab00000, 0x0000000100000000)
  eden space 64000K, 0% used [0x00000000f5580000,0x00000000f5580000,0x00000000f9400000)
  from space 8704K, 95% used [0x00000000f9580000,0x00000000f9da7870,0x00000000f9e00000)
  to   space 11776K, 0% used [0x00000000f9f80000,0x00000000f9f80000,0x00000000fab00000)
 ParOldGen       total 175104K, used 8269K [0x00000000e0000000, 0x00000000eab00000, 0x00000000f5580000)
  object space 175104K, 4% used [0x00000000e0000000,0x00000000e0813660,0x00000000eab00000)
 Metaspace       used 28561K, capacity 29450K, committed 29696K, reserved 1075200K
  class space    used 4109K, capacity 4348K, committed 4352K, reserved 1048576K
}

